<?xml version="1.0" encoding="UTF-8"?>
<!-- Generated by org.testng.reporters.JUnitReportReporter -->
<testsuite hostname="Bayan" failures="0" tests="1" name="MyTestCase" time="7.753" errors="0" timestamp="2024-01-30T11:11:34 EET" skipped="0">
  <testcase classname="MyTestCase" name="createAccount" time="7.753"/>
  <system-out/>
</testsuite> <!-- MyTestCase -->
