<?xml version="1.0" encoding="UTF-8"?>
<!-- Generated by org.testng.reporters.JUnitReportReporter -->
<testsuite hostname="Bayan" failures="0" tests="1" name="MyTestCase" time="7.140" errors="0" timestamp="2024-01-31T16:30:40 EET" skipped="0">
  <testcase classname="MyTestCase" name="addRandoomIteam" time="7.140"/>
  <system-out/>
</testsuite> <!-- MyTestCase -->
